{"level":"error","timestamp":"2023-10-19T15:28:35.892Z","msg":"Error accepting WebSocket connection","error":"failed to accept WebSocket connection: request Origin \"http://localhost:8080\" is not authorized for Host \"127.0.0.0:8080\""}
{"level":"info","timestamp":"2023-10-19T15:28:41.452Z","msg":"Brodcast message to all subscriptions"}
{"level":"error","timestamp":"2023-10-19T15:29:30.631Z","msg":"Error accepting WebSocket connection","error":"failed to accept WebSocket connection: request Origin \"http://localhost:8080\" is not authorized for Host \"127.0.0.0:8080\""}
{"level":"error","timestamp":"2023-10-19T15:29:35.345Z","msg":"Error accepting WebSocket connection","error":"failed to accept WebSocket connection: request Origin \"http://localhost:8080\" is not authorized for Host \"127.0.0.0:8080\""}
{"level":"error","timestamp":"2023-10-19T15:29:36.007Z","msg":"Error accepting WebSocket connection","error":"failed to accept WebSocket connection: request Origin \"http://localhost:8080\" is not authorized for Host \"127.0.0.0:8080\""}
{"level":"error","timestamp":"2023-10-19T15:29:43.027Z","msg":"Error accepting WebSocket connection","error":"failed to accept WebSocket connection: request Origin \"http://localhost:8080\" is not authorized for Host \"127.0.0.0:8080\""}
{"level":"error","timestamp":"2023-10-19T15:29:45.644Z","msg":"Error accepting WebSocket connection","error":"failed to accept WebSocket connection: request Origin \"http://localhost:8080\" is not authorized for Host \"127.0.0.0:8080\""}
{"level":"error","timestamp":"2023-10-19T15:29:46.255Z","msg":"Error accepting WebSocket connection","error":"failed to accept WebSocket connection: request Origin \"http://localhost:8080\" is not authorized for Host \"127.0.0.0:8080\""}
{"level":"info","timestamp":"2023-10-19T15:30:02.685Z","msg":"add subscription"}
{"level":"info","timestamp":"2023-10-19T15:30:05.142Z","msg":"close websocket connection"}
{"level":"info","timestamp":"2023-10-19T15:30:05.142Z","msg":"remove Subscription"}
{"level":"info","timestamp":"2023-10-19T15:30:05.162Z","msg":"add subscription"}
{"level":"info","timestamp":"2023-10-19T15:30:11.214Z","msg":"Brodcast message to all subscriptions"}
{"level":"info","timestamp":"2023-10-19T15:30:11.214Z","msg":"remove Subscription"}
{"level":"info","timestamp":"2023-10-19T15:33:22.693Z","msg":"add subscription"}
{"level":"info","timestamp":"2023-10-19T15:33:30.352Z","msg":"Brodcast message to all subscriptions"}
{"level":"info","timestamp":"2023-10-19T15:33:30.352Z","msg":"remove Subscription"}
{"level":"info","timestamp":"2023-10-19T15:34:19.055Z","msg":"Brodcast message to all subscriptions"}
{"level":"error","timestamp":"2023-10-19T15:34:23.481Z","msg":"Failed to performe image decode","error":"image: unknown format"}
{"level":"info","timestamp":"2023-10-19T15:34:23.481Z","msg":"Brodcast message to all subscriptions"}
{"level":"info","timestamp":"2023-10-19T15:34:25.074Z","msg":"add subscription"}
{"level":"info","timestamp":"2023-10-19T15:34:37.238Z","msg":"Brodcast message to all subscriptions"}
{"level":"info","timestamp":"2023-10-19T15:34:37.238Z","msg":"remove Subscription"}
{"level":"info","timestamp":"2023-10-19T15:35:21.946Z","msg":"add subscription"}
{"level":"info","timestamp":"2023-10-19T15:35:27.702Z","msg":"Brodcast message to all subscriptions"}
{"level":"info","timestamp":"2023-10-19T15:35:27.702Z","msg":"remove Subscription"}
{"level":"info","timestamp":"2023-10-19T15:36:15.085Z","msg":"add subscription"}
{"level":"info","timestamp":"2023-10-19T15:36:20.008Z","msg":"close websocket connection"}
{"level":"info","timestamp":"2023-10-19T15:36:20.008Z","msg":"remove Subscription"}
{"level":"info","timestamp":"2023-10-19T15:36:20.029Z","msg":"add subscription"}
{"level":"info","timestamp":"2023-10-19T15:36:26.117Z","msg":"close websocket connection"}
{"level":"info","timestamp":"2023-10-19T15:36:26.117Z","msg":"remove Subscription"}
{"level":"info","timestamp":"2023-10-19T15:36:26.134Z","msg":"add subscription"}
{"level":"info","timestamp":"2023-10-19T15:36:32.391Z","msg":"close websocket connection"}
{"level":"info","timestamp":"2023-10-19T15:36:32.391Z","msg":"remove Subscription"}
{"level":"info","timestamp":"2023-10-19T15:36:32.412Z","msg":"add subscription"}
{"level":"info","timestamp":"2023-10-19T15:36:34.551Z","msg":"close websocket connection"}
{"level":"info","timestamp":"2023-10-19T15:36:34.551Z","msg":"remove Subscription"}
{"level":"info","timestamp":"2023-10-19T15:36:34.577Z","msg":"add subscription"}
{"level":"info","timestamp":"2023-10-19T15:36:47.699Z","msg":"Brodcast message to all subscriptions"}
{"level":"info","timestamp":"2023-10-19T15:36:47.699Z","msg":"remove Subscription"}
{"level":"info","timestamp":"2023-10-20T20:00:35.533Z","msg":"add subscription"}
{"level":"info","timestamp":"2023-10-20T20:00:41.796Z","msg":"Brodcast message to all subscriptions"}
{"level":"info","timestamp":"2023-10-20T20:00:41.796Z","msg":"remove Subscription"}
{"level":"info","timestamp":"2023-10-27T00:52:52.350Z","msg":"add subscription"}
{"level":"error","timestamp":"2023-10-27T00:52:57.654Z","msg":"remove Captura de tela de 2023-10-26 17-54-44_1698367977.png: no such file or directory"}
{"level":"info","timestamp":"2023-10-27T00:52:57.659Z","msg":"Brodcast message to all subscriptions"}
{"level":"info","timestamp":"2023-10-27T00:52:57.659Z","msg":"remove Subscription"}
{"level":"info","timestamp":"2023-10-27T01:28:45.026Z","msg":"add subscription"}
{"level":"error","timestamp":"2023-10-27T01:28:48.263Z","msg":"remove Captura de tela de 2023-10-26 17-54-44_1698370128.png: no such file or directory"}
{"level":"info","timestamp":"2023-10-27T01:28:48.268Z","msg":"Brodcast message to all subscriptions"}
{"level":"info","timestamp":"2023-10-27T01:28:48.268Z","msg":"remove Subscription"}
{"level":"info","timestamp":"2023-10-27T01:29:56.858Z","msg":"add subscription"}
{"level":"error","timestamp":"2023-10-27T01:30:00.027Z","msg":"remove Captura de tela de 2023-10-26 17-54-44_1698370200.png: no such file or directory"}
{"level":"error","timestamp":"2023-10-27T01:30:00.027Z","msg":"remove Captura de tela de 2023-10-26 17-54-44_1698370128.png: no such file or directory"}
{"level":"info","timestamp":"2023-10-27T01:30:00.032Z","msg":"Brodcast message to all subscriptions"}
{"level":"info","timestamp":"2023-10-27T01:30:00.032Z","msg":"remove Subscription"}
{"level":"info","timestamp":"2023-10-27T01:32:13.021Z","msg":"add subscription"}
{"level":"error","timestamp":"2023-10-27T01:32:16.372Z","msg":"remove Captura de tela de 2023-10-26 17-54-44_1698370336.png: no such file or directory"}
{"level":"error","timestamp":"2023-10-27T01:32:16.372Z","msg":"remove Captura de tela de 2023-10-26 17-54-44_1698370200.png: no such file or directory"}
{"level":"error","timestamp":"2023-10-27T01:32:16.372Z","msg":"remove Captura de tela de 2023-10-26 17-54-44_1698370128.png: no such file or directory"}
{"level":"info","timestamp":"2023-10-27T01:32:16.377Z","msg":"Brodcast message to all subscriptions"}
{"level":"info","timestamp":"2023-10-27T01:32:16.377Z","msg":"remove Subscription"}
{"level":"info","timestamp":"2023-10-27T01:34:17.164Z","msg":"add subscription"}
{"level":"error","timestamp":"2023-10-27T01:34:21.248Z","msg":"remove Captura de tela de 2023-10-26 17-54-44_1698370336.png: no such file or directory"}
{"level":"error","timestamp":"2023-10-27T01:34:21.248Z","msg":"remove Captura de tela de 2023-10-26 17-54-44_1698370200.png: no such file or directory"}
{"level":"error","timestamp":"2023-10-27T01:34:21.248Z","msg":"remove Captura de tela de 2023-10-26 17-54-44_1698370461.png: no such file or directory"}
{"level":"info","timestamp":"2023-10-27T01:34:21.253Z","msg":"Brodcast message to all subscriptions"}
{"level":"info","timestamp":"2023-10-27T01:34:21.253Z","msg":"remove Subscription"}
{"level":"info","timestamp":"2023-10-27T01:34:55.560Z","msg":"add subscription"}
{"level":"error","timestamp":"2023-10-27T01:34:58.485Z","msg":"remove Captura de tela de 2023-10-26 17-54-44_1698370336.png: no such file or directory"}
{"level":"error","timestamp":"2023-10-27T01:34:58.485Z","msg":"remove Captura de tela de 2023-10-26 17-54-44_1698370200.png: no such file or directory"}
{"level":"error","timestamp":"2023-10-27T01:34:58.485Z","msg":"remove Captura de tela de 2023-10-26 17-54-44_1698370498.png: no such file or directory"}
{"level":"error","timestamp":"2023-10-27T01:34:58.486Z","msg":"remove Captura de tela de 2023-10-26 17-54-44_1698370461.png: no such file or directory"}
{"level":"info","timestamp":"2023-10-27T01:34:58.491Z","msg":"Brodcast message to all subscriptions"}
{"level":"info","timestamp":"2023-10-27T01:34:58.491Z","msg":"remove Subscription"}
{"level":"info","timestamp":"2023-10-27T01:36:23.108Z","msg":"add subscription"}
{"level":"error","timestamp":"2023-10-27T01:36:26.771Z","msg":"remove Captura de tela de 2023-10-26 17-54-44_1698370336.png: no such file or directory"}
{"level":"error","timestamp":"2023-10-27T01:36:26.771Z","msg":"remove Captura de tela de 2023-10-26 17-54-44_1698370498.png: no such file or directory"}
{"level":"error","timestamp":"2023-10-27T01:36:26.771Z","msg":"remove Captura de tela de 2023-10-26 17-54-44_1698370461.png: no such file or directory"}
{"level":"error","timestamp":"2023-10-27T01:36:26.771Z","msg":"remove Captura de tela de 2023-10-26 17-54-44_1698370586.png: no such file or directory"}
{"level":"info","timestamp":"2023-10-27T01:36:26.776Z","msg":"Brodcast message to all subscriptions"}
{"level":"info","timestamp":"2023-10-27T01:36:26.776Z","msg":"remove Subscription"}
{"level":"info","timestamp":"2023-10-27T01:40:33.832Z","msg":"add subscription"}
{"level":"error","timestamp":"2023-10-27T01:40:36.864Z","msg":"remove Captura de tela de 2023-10-26 17-54-44_1698370586.png: no such file or directory"}
{"level":"error","timestamp":"2023-10-27T01:40:36.864Z","msg":"remove Captura de tela de 2023-10-26 17-54-44_1698370836.png: no such file or directory"}
{"level":"info","timestamp":"2023-10-27T01:40:36.869Z","msg":"Brodcast message to all subscriptions"}
{"level":"info","timestamp":"2023-10-27T01:40:36.869Z","msg":"remove Subscription"}
{"level":"info","timestamp":"2023-10-27T01:42:32.825Z","msg":"add subscription"}
{"level":"error","timestamp":"2023-10-27T01:42:36.181Z","msg":"remove image_1697729807.png: no such file or directory"}
{"level":"error","timestamp":"2023-10-27T01:42:36.181Z","msg":"remove image_1697729727.png: no such file or directory"}
{"level":"error","timestamp":"2023-10-27T01:42:36.181Z","msg":"remove image_1697729677.png: no such file or directory"}
{"level":"info","timestamp":"2023-10-27T01:42:36.187Z","msg":"Brodcast message to all subscriptions"}
{"level":"info","timestamp":"2023-10-27T01:42:36.187Z","msg":"remove Subscription"}
{"level":"info","timestamp":"2023-10-27T01:44:36.826Z","msg":"add subscription"}
{"level":"info","timestamp":"2023-10-27T01:44:40.615Z","msg":"Brodcast message to all subscriptions"}
{"level":"info","timestamp":"2023-10-27T01:44:40.615Z","msg":"remove Subscription"}
{"level":"info","timestamp":"2023-10-31T02:15:13.284Z","msg":"add subscription"}
{"level":"info","timestamp":"2023-10-31T02:15:19.438Z","msg":"Brodcast message to all subscriptions"}
{"level":"info","timestamp":"2023-10-31T02:15:19.438Z","msg":"remove Subscription"}
{"level":"info","timestamp":"2023-10-31T02:15:31.355Z","msg":"add subscription"}
{"level":"info","timestamp":"2023-10-31T02:15:35.257Z","msg":"Brodcast message to all subscriptions"}
{"level":"info","timestamp":"2023-10-31T02:15:35.257Z","msg":"remove Subscription"}
{"level":"info","timestamp":"2023-10-31T02:16:24.603Z","msg":"add subscription"}
{"level":"info","timestamp":"2023-10-31T02:16:29.005Z","msg":"Brodcast message to all subscriptions"}
{"level":"info","timestamp":"2023-10-31T02:16:29.005Z","msg":"remove Subscription"}
{"level":"info","timestamp":"2023-10-31T02:17:10.653Z","msg":"add subscription"}
{"level":"info","timestamp":"2023-10-31T02:17:14.852Z","msg":"Brodcast message to all subscriptions"}
{"level":"info","timestamp":"2023-10-31T02:17:14.852Z","msg":"remove Subscription"}
{"level":"info","timestamp":"2023-10-31T02:17:20.645Z","msg":"add subscription"}
{"level":"info","timestamp":"2023-10-31T02:17:26.954Z","msg":"Brodcast message to all subscriptions"}
{"level":"info","timestamp":"2023-10-31T02:17:26.954Z","msg":"remove Subscription"}
{"level":"info","timestamp":"2023-10-31T02:19:23.169Z","msg":"add subscription"}
{"level":"info","timestamp":"2023-10-31T02:19:26.819Z","msg":"Brodcast message to all subscriptions"}
{"level":"info","timestamp":"2023-10-31T02:19:26.819Z","msg":"remove Subscription"}
{"level":"info","timestamp":"2023-10-31T02:19:38.896Z","msg":"add subscription"}
{"level":"info","timestamp":"2023-10-31T02:19:42.753Z","msg":"Brodcast message to all subscriptions"}
{"level":"info","timestamp":"2023-10-31T02:19:42.753Z","msg":"remove Subscription"}
